[debug] [2025-04-01T17:12:53.475Z] ----------------------------------------------------------------------
[debug] [2025-04-01T17:12:53.479Z] Command:       /usr/local/bin/node /usr/local/bin/firebase deploy
[debug] [2025-04-01T17:12:53.479Z] CLI Version:   13.23.1
[debug] [2025-04-01T17:12:53.479Z] Platform:      darwin
[debug] [2025-04-01T17:12:53.479Z] Node Version:  v20.18.0
[debug] [2025-04-01T17:12:53.479Z] Time:          Tue Apr 01 2025 19:12:53 GMT+0200 (Central European Summer Time)
[debug] [2025-04-01T17:12:53.479Z] ----------------------------------------------------------------------
[debug] 
[debug] [2025-04-01T17:12:53.480Z] >>> [apiv2][query] GET https://firebase-public.firebaseio.com/cli.json [none]
[debug] [2025-04-01T17:12:53.528Z] > command requires scopes: ["email","openid","https://www.googleapis.com/auth/cloudplatformprojects.readonly","https://www.googleapis.com/auth/firebase","https://www.googleapis.com/auth/cloud-platform"]
[debug] [2025-04-01T17:12:53.528Z] > authorizing via signed-in user (info@cosmema.de)
[debug] [2025-04-01T17:12:53.528Z] [iam] checking project heimatinfo-d63b0 for permissions ["datastore.indexes.create","datastore.indexes.delete","datastore.indexes.list","datastore.indexes.update","firebase.projects.get","firebasehosting.sites.update"]
[debug] [2025-04-01T17:12:53.528Z] Checked if tokens are valid: false, expires at: 1743419384269
[debug] [2025-04-01T17:12:53.528Z] Checked if tokens are valid: false, expires at: 1743419384269
[debug] [2025-04-01T17:12:53.529Z] > refreshing access token with scopes: []
[debug] [2025-04-01T17:12:53.529Z] >>> [apiv2][query] POST https://www.googleapis.com/oauth2/v3/token [none]
[debug] [2025-04-01T17:12:53.529Z] >>> [apiv2][body] POST https://www.googleapis.com/oauth2/v3/token [omitted]
[debug] [2025-04-01T17:12:53.624Z] <<< [apiv2][status] POST https://www.googleapis.com/oauth2/v3/token 200
[debug] [2025-04-01T17:12:53.624Z] <<< [apiv2][body] POST https://www.googleapis.com/oauth2/v3/token [omitted]
[debug] [2025-04-01T17:12:53.635Z] >>> [apiv2][query] POST https://cloudresourcemanager.googleapis.com/v1/projects/heimatinfo-d63b0:testIamPermissions [none]
[debug] [2025-04-01T17:12:53.635Z] >>> [apiv2][(partial)header] POST https://cloudresourcemanager.googleapis.com/v1/projects/heimatinfo-d63b0:testIamPermissions x-goog-quota-user=projects/heimatinfo-d63b0
[debug] [2025-04-01T17:12:53.635Z] >>> [apiv2][body] POST https://cloudresourcemanager.googleapis.com/v1/projects/heimatinfo-d63b0:testIamPermissions {"permissions":["datastore.indexes.create","datastore.indexes.delete","datastore.indexes.list","datastore.indexes.update","firebase.projects.get","firebasehosting.sites.update"]}
[debug] [2025-04-01T17:12:53.837Z] <<< [apiv2][status] GET https://firebase-public.firebaseio.com/cli.json 200
[debug] [2025-04-01T17:12:53.837Z] <<< [apiv2][body] GET https://firebase-public.firebaseio.com/cli.json {"cloudBuildErrorAfter":1594252800000,"cloudBuildWarnAfter":1590019200000,"defaultNode10After":1594252800000,"minVersion":"3.0.5","node8DeploysDisabledAfter":1613390400000,"node8RuntimeDisabledAfter":1615809600000,"node8WarnAfter":1600128000000}
[debug] [2025-04-01T17:12:54.486Z] <<< [apiv2][status] POST https://cloudresourcemanager.googleapis.com/v1/projects/heimatinfo-d63b0:testIamPermissions 200
[debug] [2025-04-01T17:12:54.486Z] <<< [apiv2][body] POST https://cloudresourcemanager.googleapis.com/v1/projects/heimatinfo-d63b0:testIamPermissions {"permissions":["datastore.indexes.create","datastore.indexes.delete","datastore.indexes.list","datastore.indexes.update","firebase.projects.get","firebasehosting.sites.update"]}
[debug] [2025-04-01T17:12:54.487Z] Checked if tokens are valid: true, expires at: 1743531172625
[debug] [2025-04-01T17:12:54.487Z] Checked if tokens are valid: true, expires at: 1743531172625
[debug] [2025-04-01T17:12:54.487Z] >>> [apiv2][query] GET https://firebase.googleapis.com/v1beta1/projects/heimatinfo-d63b0 [none]
[debug] [2025-04-01T17:12:54.749Z] <<< [apiv2][status] GET https://firebase.googleapis.com/v1beta1/projects/heimatinfo-d63b0 200
[debug] [2025-04-01T17:12:54.749Z] <<< [apiv2][body] GET https://firebase.googleapis.com/v1beta1/projects/heimatinfo-d63b0 {"projectId":"heimatinfo-d63b0","projectNumber":"897220989669","displayName":"heimatinfo","name":"projects/heimatinfo-d63b0","resources":{"hostingSite":"heimatinfo-d63b0"},"state":"ACTIVE","etag":"1_cca9e75c-a726-4c62-9562-a416b0da2e6a"}
[debug] [2025-04-01T17:12:55.615Z] defaultcredentials: writing to file /Users/akos/.config/firebase/info_cosmema_de_application_default_credentials.json
[debug] [2025-04-01T17:12:55.616Z] Checked if tokens are valid: true, expires at: 1743531172625
[debug] [2025-04-01T17:12:55.616Z] Checked if tokens are valid: true, expires at: 1743531172625
[debug] [2025-04-01T17:12:55.616Z] >>> [apiv2][query] GET https://firebasehosting.googleapis.com/v1beta1/projects/heimatinfo-d63b0/sites pageToken=&pageSize=10
[debug] [2025-04-01T17:12:56.596Z] <<< [apiv2][status] GET https://firebasehosting.googleapis.com/v1beta1/projects/heimatinfo-d63b0/sites 200
[debug] [2025-04-01T17:12:56.597Z] <<< [apiv2][body] GET https://firebasehosting.googleapis.com/v1beta1/projects/heimatinfo-d63b0/sites {"sites":[{"name":"projects/heimatinfo-d63b0/sites/heimatinfo","defaultUrl":"https://heimatinfo.web.app","appId":"1:897220989669:web:64fe0ede55d14a928bfa0c","type":"USER_SITE"},{"name":"projects/heimatinfo-d63b0/sites/heimatinfo-d63b0","defaultUrl":"https://heimatinfo-d63b0.web.app","type":"DEFAULT_SITE"}]}
[debug] [2025-04-01T17:12:56.597Z] Checked if tokens are valid: true, expires at: 1743531172625
[debug] [2025-04-01T17:12:56.597Z] Checked if tokens are valid: true, expires at: 1743531172625
[debug] [2025-04-01T17:12:56.597Z] >>> [apiv2][query] GET https://firebase.googleapis.com/v1beta1/projects/-/webApps/1:897220989669:web:64fe0ede55d14a928bfa0c/config [none]
[debug] [2025-04-01T17:12:57.406Z] <<< [apiv2][status] GET https://firebase.googleapis.com/v1beta1/projects/-/webApps/1:897220989669:web:64fe0ede55d14a928bfa0c/config 200
[debug] [2025-04-01T17:12:57.407Z] <<< [apiv2][body] GET https://firebase.googleapis.com/v1beta1/projects/-/webApps/1:897220989669:web:64fe0ede55d14a928bfa0c/config {"projectId":"heimatinfo-d63b0","appId":"1:897220989669:web:64fe0ede55d14a928bfa0c","storageBucket":"heimatinfo-d63b0.firebasestorage.app","apiKey":"AIzaSyDEnpAcUwAko8Mfv8rNjL2llDVtfgxIVfg","authDomain":"heimatinfo-d63b0.firebaseapp.com","messagingSenderId":"897220989669","measurementId":"G-33912KC0Z3"}
[info] 
   Thank you for trying our early preview of Next.js support on Firebase Hosting.
   During the preview, support is best-effort and breaking changes can be expected. Proceed with caution.
   The integration is known to work with Next.js version 12 - 14.0. You may encounter errors.

   Documentation: https://firebase.google.com/docs/hosting/frameworks/nextjs
   File a bug: https://github.com/firebase/firebase-tools/issues/new?template=bug_report.md
   Submit a feature request: https://github.com/firebase/firebase-tools/issues/new?template=feature_request.md

   We'd love to learn from you. Express your interest in helping us shape the future of Firebase Hosting: https://goo.gle/41enW5X

[debug] [2025-04-01T17:12:58.814Z] Checked if tokens are valid: true, expires at: 1743531172625
[debug] [2025-04-01T17:12:58.814Z] Checked if tokens are valid: true, expires at: 1743531172625
[debug] [2025-04-01T17:12:58.814Z] >>> [apiv2][query] GET https://firebasehosting.googleapis.com/v1beta1/projects/heimatinfo-d63b0/sites/heimatinfo-d63b0 [none]
[debug] [2025-04-01T17:12:59.018Z] <<< [apiv2][status] GET https://firebasehosting.googleapis.com/v1beta1/projects/heimatinfo-d63b0/sites/heimatinfo-d63b0 200
[debug] [2025-04-01T17:12:59.018Z] <<< [apiv2][body] GET https://firebasehosting.googleapis.com/v1beta1/projects/heimatinfo-d63b0/sites/heimatinfo-d63b0 {"name":"projects/heimatinfo-d63b0/sites/heimatinfo-d63b0","defaultUrl":"https://heimatinfo-d63b0.web.app","type":"DEFAULT_SITE"}
[info]    ▲ Next.js 15.2.4

[info]    - Environments: .env


[info]    Creating an optimized production build ...

[info]  ✓ Compiled successfully

[info]    Linting and checking validity of types ...

[info]    Collecting page data ...

